

Started GET "/" for 127.0.0.1 at 2015-12-09 16:44:43 +0100
Processing by Rails::WelcomeController#index as HTML
  Rendered /home/user/.rvm/gems/ruby-2.2.3/gems/railties-4.2.2/lib/rails/templates/rails/welcome/index.html.erb (1.1ms)
Completed 200 OK in 23ms (Views: 4.7ms | ActiveRecord: 0.0ms)


Started GET "/rails/info/properties" for 127.0.0.1 at 2015-12-09 16:44:52 +0100
Processing by Rails::InfoController#properties as HTML
  Rendered /home/user/.rvm/gems/ruby-2.2.3/gems/railties-4.2.2/lib/rails/templates/rails/info/properties.html.erb (0.3ms)
Completed 200 OK in 19ms (Views: 4.9ms | ActiveRecord: 0.8ms)


Started GET "/" for 127.0.0.1 at 2015-12-09 16:56:48 +0100
Processing by Rails::WelcomeController#index as HTML
  Rendered /home/user/.rvm/gems/ruby-2.2.3/gems/railties-4.2.2/lib/rails/templates/rails/welcome/index.html.erb (0.1ms)
Completed 200 OK in 1ms (Views: 1.0ms | ActiveRecord: 0.0ms)


Started GET "/" for 127.0.0.1 at 2015-12-09 16:56:50 +0100
Processing by Rails::WelcomeController#index as HTML
  Rendered /home/user/.rvm/gems/ruby-2.2.3/gems/railties-4.2.2/lib/rails/templates/rails/welcome/index.html.erb (0.1ms)
Completed 200 OK in 2ms (Views: 1.6ms | ActiveRecord: 0.0ms)


Started GET "/" for 127.0.0.1 at 2015-12-09 16:59:17 +0100
Processing by ApplicationController#hello as HTML
Completed 500 Internal Server Error in 3ms (ActiveRecord: 0.0ms)

NoMethodError (undefined method `text' for #<ApplicationController:0x00000005125070>):
  app/controllers/application_controller.rb:7:in `hello'


  Rendered /home/user/.rvm/gems/ruby-2.2.3/gems/web-console-2.0.0.beta3/lib/action_dispatch/templates/rescues/_source.erb (2.9ms)
  Rendered /home/user/.rvm/gems/ruby-2.2.3/gems/web-console-2.0.0.beta3/lib/action_dispatch/templates/rescues/_trace.html.erb (1.4ms)
  Rendered /home/user/.rvm/gems/ruby-2.2.3/gems/web-console-2.0.0.beta3/lib/action_dispatch/templates/rescues/_request_and_response.html.erb (0.7ms)
  Rendered /home/user/.rvm/gems/ruby-2.2.3/gems/web-console-2.0.0.beta3/lib/action_dispatch/templates/rescues/_web_console.html.erb (0.6ms)
  Rendered /home/user/.rvm/gems/ruby-2.2.3/gems/web-console-2.0.0.beta3/lib/action_dispatch/templates/rescues/diagnostics.html.erb within rescues/layout (19.8ms)


Started GET "/" for 127.0.0.1 at 2015-12-09 16:59:50 +0100
Processing by ApplicationController#hello as HTML
  Rendered text template (0.0ms)
Completed 200 OK in 1ms (Views: 0.8ms | ActiveRecord: 0.0ms)


Started GET "/" for 127.0.0.1 at 2015-12-09 17:51:38 +0100
Processing by ApplicationController#hello as HTML
  Rendered text template (0.0ms)
Completed 200 OK in 1ms (Views: 0.3ms | ActiveRecord: 0.0ms)
